INFO 2025-11-25 18:49:11,593 autoreload 49720 40608 Watching for file changes with StatReloader
ERROR 2025-11-25 18:49:48,209 utils 49720 63240 Exception in SubscribeView: Method "GET" not allowed.
Traceback (most recent call last):
  File "C:\Users\saahb\AppData\Local\Programs\Python\Python312\Lib\site-packages\rest_framework\views.py", line 512, in dispatch
    response = handler(request, *args, **kwargs)
               ^^^^^^^^^^^^^^^^^^^^^^^^^^^^^^^^^
  File "C:\Users\saahb\AppData\Local\Programs\Python\Python312\Lib\site-packages\rest_framework\views.py", line 173, in http_method_not_allowed
    raise exceptions.MethodNotAllowed(request.method)
rest_framework.exceptions.MethodNotAllowed: Method "GET" not allowed.
WARNING 2025-11-25 18:49:48,255 log 49720 63240 Method Not Allowed: /api/subscribe/
WARNING 2025-11-25 18:49:48,256 basehttp 49720 63240 "GET /api/subscribe/ HTTP/1.1" 405 10623
INFO 2025-11-25 18:49:48,302 basehttp 49720 63240 "GET /static/rest_framework/css/bootstrap.min.css HTTP/1.1" 304 0
INFO 2025-11-25 18:49:48,306 basehttp 49720 63232 "GET /static/rest_framework/css/bootstrap-tweaks.css HTTP/1.1" 304 0
INFO 2025-11-25 18:49:48,306 basehttp 49720 61588 "GET /static/rest_framework/css/prettify.css HTTP/1.1" 304 0
INFO 2025-11-25 18:49:48,309 basehttp 49720 64740 "GET /static/rest_framework/css/default.css HTTP/1.1" 304 0
INFO 2025-11-25 18:49:48,311 basehttp 49720 63240 "GET /static/rest_framework/js/csrf.js HTTP/1.1" 304 0
INFO 2025-11-25 18:49:48,313 basehttp 49720 56288 "GET /static/rest_framework/js/jquery-3.7.1.min.js HTTP/1.1" 304 0
INFO 2025-11-25 18:49:48,314 basehttp 49720 61588 "GET /static/rest_framework/js/prettify-min.js HTTP/1.1" 304 0
INFO 2025-11-25 18:49:48,314 basehttp 49720 63232 "GET /static/rest_framework/js/bootstrap.min.js HTTP/1.1" 304 0
INFO 2025-11-25 18:49:48,315 basehttp 49720 52500 "GET /static/rest_framework/js/ajax-form.js HTTP/1.1" 304 0
INFO 2025-11-25 18:49:48,315 basehttp 49720 64740 "GET /static/rest_framework/js/default.js HTTP/1.1" 304 0
INFO 2025-11-25 18:49:48,317 basehttp 49720 63240 "GET /static/rest_framework/js/load-ajax-form.js HTTP/1.1" 304 0
INFO 2025-11-25 18:49:48,321 basehttp 49720 63240 "GET /static/rest_framework/img/grid.png HTTP/1.1" 304 0
ERROR 2025-11-25 18:50:36,014 log 49720 63240 Internal Server Error: /api/articles/
Traceback (most recent call last):
  File "C:\Users\saahb\AppData\Local\Programs\Python\Python312\Lib\site-packages\django\core\handlers\exception.py", line 55, in inner
    response = get_response(request)
               ^^^^^^^^^^^^^^^^^^^^^
  File "C:\Users\saahb\AppData\Local\Programs\Python\Python312\Lib\site-packages\django\core\handlers\base.py", line 220, in _get_response
    response = response.render()
               ^^^^^^^^^^^^^^^^^
  File "C:\Users\saahb\AppData\Local\Programs\Python\Python312\Lib\site-packages\django\template\response.py", line 114, in render
    self.content = self.rendered_content
                   ^^^^^^^^^^^^^^^^^^^^^
  File "C:\Users\saahb\AppData\Local\Programs\Python\Python312\Lib\site-packages\rest_framework\response.py", line 74, in rendered_content
    ret = renderer.render(self.data, accepted_media_type, context)
          ^^^^^^^^^^^^^^^^^^^^^^^^^^^^^^^^^^^^^^^^^^^^^^^^^^^^^^^^
  File "C:\Users\saahb\AppData\Local\Programs\Python\Python312\Lib\site-packages\rest_framework\renderers.py", line 731, in render
    context = self.get_context(data, accepted_media_type, renderer_context)
              ^^^^^^^^^^^^^^^^^^^^^^^^^^^^^^^^^^^^^^^^^^^^^^^^^^^^^^^^^^^^^
  File "C:\Users\saahb\AppData\Local\Programs\Python\Python312\Lib\site-packages\rest_framework\renderers.py", line 662, in get_context
    raw_data_post_form = self.get_raw_data_form(data, view, 'POST', request)
                         ^^^^^^^^^^^^^^^^^^^^^^^^^^^^^^^^^^^^^^^^^^^^^^^^^^^
  File "C:\Users\saahb\AppData\Local\Programs\Python\Python312\Lib\site-packages\rest_framework\renderers.py", line 545, in get_raw_data_form
    if not self.show_form_for_method(view, method, request, instance):
           ^^^^^^^^^^^^^^^^^^^^^^^^^^^^^^^^^^^^^^^^^^^^^^^^^^^^^^^^^^
  File "C:\Users\saahb\AppData\Local\Programs\Python\Python312\Lib\site-packages\rest_framework\renderers.py", line 435, in show_form_for_method
    view.check_permissions(request)
  File "C:\Users\saahb\AppData\Local\Programs\Python\Python312\Lib\site-packages\rest_framework\views.py", line 338, in check_permissions
    if not permission.has_permission(request, self):
           ^^^^^^^^^^^^^^^^^^^^^^^^^^^^^^^^^^^^^^^^
  File "C:\Users\saahb\OneDrive\Bureau\APP DOCS\Gist app by Cursor\gistme_backend\api\permissions.py", line 10, in has_permission
    return api_key == settings.API_SECRET_CODE
                      ^^^^^^^^^^^^^^^^^^^^^^^^
  File "C:\Users\saahb\AppData\Local\Programs\Python\Python312\Lib\site-packages\django\conf\__init__.py", line 83, in __getattr__
    val = getattr(_wrapped, name)
          ^^^^^^^^^^^^^^^^^^^^^^^
AttributeError: 'Settings' object has no attribute 'API_SECRET_CODE'
ERROR 2025-11-25 18:50:36,025 basehttp 49720 63240 "GET /api/articles/ HTTP/1.1" 500 121331
INFO 2025-11-25 18:51:15,997 basehttp 49720 63240 "GET /api/ HTTP/1.1" 200 10323
ERROR 2025-11-25 18:51:19,475 log 49720 63240 Internal Server Error: /api/articles/
Traceback (most recent call last):
  File "C:\Users\saahb\AppData\Local\Programs\Python\Python312\Lib\site-packages\django\core\handlers\exception.py", line 55, in inner
    response = get_response(request)
               ^^^^^^^^^^^^^^^^^^^^^
  File "C:\Users\saahb\AppData\Local\Programs\Python\Python312\Lib\site-packages\django\core\handlers\base.py", line 220, in _get_response
    response = response.render()
               ^^^^^^^^^^^^^^^^^
  File "C:\Users\saahb\AppData\Local\Programs\Python\Python312\Lib\site-packages\django\template\response.py", line 114, in render
    self.content = self.rendered_content
                   ^^^^^^^^^^^^^^^^^^^^^
  File "C:\Users\saahb\AppData\Local\Programs\Python\Python312\Lib\site-packages\rest_framework\response.py", line 74, in rendered_content
    ret = renderer.render(self.data, accepted_media_type, context)
          ^^^^^^^^^^^^^^^^^^^^^^^^^^^^^^^^^^^^^^^^^^^^^^^^^^^^^^^^
  File "C:\Users\saahb\AppData\Local\Programs\Python\Python312\Lib\site-packages\rest_framework\renderers.py", line 731, in render
    context = self.get_context(data, accepted_media_type, renderer_context)
              ^^^^^^^^^^^^^^^^^^^^^^^^^^^^^^^^^^^^^^^^^^^^^^^^^^^^^^^^^^^^^
  File "C:\Users\saahb\AppData\Local\Programs\Python\Python312\Lib\site-packages\rest_framework\renderers.py", line 662, in get_context
    raw_data_post_form = self.get_raw_data_form(data, view, 'POST', request)
                         ^^^^^^^^^^^^^^^^^^^^^^^^^^^^^^^^^^^^^^^^^^^^^^^^^^^
  File "C:\Users\saahb\AppData\Local\Programs\Python\Python312\Lib\site-packages\rest_framework\renderers.py", line 545, in get_raw_data_form
    if not self.show_form_for_method(view, method, request, instance):
           ^^^^^^^^^^^^^^^^^^^^^^^^^^^^^^^^^^^^^^^^^^^^^^^^^^^^^^^^^^
  File "C:\Users\saahb\AppData\Local\Programs\Python\Python312\Lib\site-packages\rest_framework\renderers.py", line 435, in show_form_for_method
    view.check_permissions(request)
  File "C:\Users\saahb\AppData\Local\Programs\Python\Python312\Lib\site-packages\rest_framework\views.py", line 338, in check_permissions
    if not permission.has_permission(request, self):
           ^^^^^^^^^^^^^^^^^^^^^^^^^^^^^^^^^^^^^^^^
  File "C:\Users\saahb\OneDrive\Bureau\APP DOCS\Gist app by Cursor\gistme_backend\api\permissions.py", line 10, in has_permission
    return api_key == settings.API_SECRET_CODE
                      ^^^^^^^^^^^^^^^^^^^^^^^^
  File "C:\Users\saahb\AppData\Local\Programs\Python\Python312\Lib\site-packages\django\conf\__init__.py", line 83, in __getattr__
    val = getattr(_wrapped, name)
          ^^^^^^^^^^^^^^^^^^^^^^^
AttributeError: 'Settings' object has no attribute 'API_SECRET_CODE'
ERROR 2025-11-25 18:51:19,484 basehttp 49720 63240 "GET /api/articles/ HTTP/1.1" 500 121486
INFO 2025-11-25 18:51:21,748 basehttp 49720 63240 "GET /api/comments/ HTTP/1.1" 200 16152
INFO 2025-11-25 18:51:21,802 basehttp 49720 63240 "GET /static/rest_framework/fonts/glyphicons-halflings-regular.woff2 HTTP/1.1" 304 0
ERROR 2025-11-25 18:54:03,495 utils 49720 54772 Exception in ArticleViewSet: 'Settings' object has no attribute 'API_SECRET_CODE'
Traceback (most recent call last):
  File "C:\Users\saahb\AppData\Local\Programs\Python\Python312\Lib\site-packages\rest_framework\views.py", line 503, in dispatch
    self.initial(request, *args, **kwargs)
  File "C:\Users\saahb\AppData\Local\Programs\Python\Python312\Lib\site-packages\rest_framework\views.py", line 421, in initial
    self.check_permissions(request)
  File "C:\Users\saahb\AppData\Local\Programs\Python\Python312\Lib\site-packages\rest_framework\views.py", line 338, in check_permissions
    if not permission.has_permission(request, self):
           ^^^^^^^^^^^^^^^^^^^^^^^^^^^^^^^^^^^^^^^^
  File "C:\Users\saahb\OneDrive\Bureau\APP DOCS\Gist app by Cursor\gistme_backend\api\permissions.py", line 10, in has_permission
    return api_key == settings.API_SECRET_CODE
                      ^^^^^^^^^^^^^^^^^^^^^^^^
  File "C:\Users\saahb\AppData\Local\Programs\Python\Python312\Lib\site-packages\django\conf\__init__.py", line 83, in __getattr__
    val = getattr(_wrapped, name)
          ^^^^^^^^^^^^^^^^^^^^^^^
AttributeError: 'Settings' object has no attribute 'API_SECRET_CODE'
ERROR 2025-11-25 18:54:03,505 log 49720 54772 Internal Server Error: /api/articles/
ERROR 2025-11-25 18:54:03,505 basehttp 49720 54772 "POST /api/articles/ HTTP/1.1" 500 97
ERROR 2025-11-25 18:54:08,515 utils 49720 55564 Exception in ArticleViewSet: 'Settings' object has no attribute 'API_SECRET_CODE'
Traceback (most recent call last):
  File "C:\Users\saahb\AppData\Local\Programs\Python\Python312\Lib\site-packages\rest_framework\views.py", line 503, in dispatch
    self.initial(request, *args, **kwargs)
  File "C:\Users\saahb\AppData\Local\Programs\Python\Python312\Lib\site-packages\rest_framework\views.py", line 421, in initial
    self.check_permissions(request)
  File "C:\Users\saahb\AppData\Local\Programs\Python\Python312\Lib\site-packages\rest_framework\views.py", line 338, in check_permissions
    if not permission.has_permission(request, self):
           ^^^^^^^^^^^^^^^^^^^^^^^^^^^^^^^^^^^^^^^^
  File "C:\Users\saahb\OneDrive\Bureau\APP DOCS\Gist app by Cursor\gistme_backend\api\permissions.py", line 10, in has_permission
    return api_key == settings.API_SECRET_CODE
                      ^^^^^^^^^^^^^^^^^^^^^^^^
  File "C:\Users\saahb\AppData\Local\Programs\Python\Python312\Lib\site-packages\django\conf\__init__.py", line 83, in __getattr__
    val = getattr(_wrapped, name)
          ^^^^^^^^^^^^^^^^^^^^^^^
AttributeError: 'Settings' object has no attribute 'API_SECRET_CODE'
ERROR 2025-11-25 18:54:08,523 log 49720 55564 Internal Server Error: /api/articles/
ERROR 2025-11-25 18:54:08,523 basehttp 49720 55564 "POST /api/articles/ HTTP/1.1" 500 97
ERROR 2025-11-25 18:54:13,534 utils 49720 19916 Exception in ArticleViewSet: 'Settings' object has no attribute 'API_SECRET_CODE'
Traceback (most recent call last):
  File "C:\Users\saahb\AppData\Local\Programs\Python\Python312\Lib\site-packages\rest_framework\views.py", line 503, in dispatch
    self.initial(request, *args, **kwargs)
  File "C:\Users\saahb\AppData\Local\Programs\Python\Python312\Lib\site-packages\rest_framework\views.py", line 421, in initial
    self.check_permissions(request)
  File "C:\Users\saahb\AppData\Local\Programs\Python\Python312\Lib\site-packages\rest_framework\views.py", line 338, in check_permissions
    if not permission.has_permission(request, self):
           ^^^^^^^^^^^^^^^^^^^^^^^^^^^^^^^^^^^^^^^^
  File "C:\Users\saahb\OneDrive\Bureau\APP DOCS\Gist app by Cursor\gistme_backend\api\permissions.py", line 10, in has_permission
    return api_key == settings.API_SECRET_CODE
                      ^^^^^^^^^^^^^^^^^^^^^^^^
  File "C:\Users\saahb\AppData\Local\Programs\Python\Python312\Lib\site-packages\django\conf\__init__.py", line 83, in __getattr__
    val = getattr(_wrapped, name)
          ^^^^^^^^^^^^^^^^^^^^^^^
AttributeError: 'Settings' object has no attribute 'API_SECRET_CODE'
ERROR 2025-11-25 18:54:13,543 log 49720 19916 Internal Server Error: /api/articles/
ERROR 2025-11-25 18:54:13,544 basehttp 49720 19916 "POST /api/articles/ HTTP/1.1" 500 97
INFO 2025-11-25 18:55:15,465 autoreload 49720 40608 C:\Users\saahb\OneDrive\Bureau\APP DOCS\Gist app by Cursor\gistme_backend\gistme_backend\settings.py changed, reloading.
INFO 2025-11-25 18:55:16,722 autoreload 48676 58096 Watching for file changes with StatReloader
INFO 2025-11-25 18:56:18,854 autoreload 48676 58096 C:\Users\saahb\OneDrive\Bureau\APP DOCS\Gist app by Cursor\gistme_backend\gistme_backend\settings.py changed, reloading.
INFO 2025-11-25 18:56:19,922 autoreload 63636 63252 Watching for file changes with StatReloader
INFO 2025-11-25 18:56:29,310 autoreload 60048 63604 Watching for file changes with StatReloader
INFO 2025-11-25 18:56:41,454 basehttp 60048 62824 "POST /api/comments/ HTTP/1.1" 201 14592
INFO 2025-11-25 18:56:41,504 basehttp 60048 62824 "GET /static/rest_framework/css/bootstrap.min.css HTTP/1.1" 304 0
INFO 2025-11-25 18:56:41,508 basehttp 60048 52880 "GET /static/rest_framework/css/default.css HTTP/1.1" 304 0
INFO 2025-11-25 18:56:41,509 basehttp 60048 63900 "GET /static/rest_framework/css/bootstrap-tweaks.css HTTP/1.1" 304 0
INFO 2025-11-25 18:56:41,510 basehttp 60048 49056 "GET /static/rest_framework/css/prettify.css HTTP/1.1" 304 0
INFO 2025-11-25 18:56:41,512 basehttp 60048 62824 "GET /static/rest_framework/js/csrf.js HTTP/1.1" 304 0
INFO 2025-11-25 18:56:41,513 basehttp 60048 54440 "GET /static/rest_framework/js/ajax-form.js HTTP/1.1" 304 0
INFO 2025-11-25 18:56:41,513 basehttp 60048 36984 "GET /static/rest_framework/js/jquery-3.7.1.min.js HTTP/1.1" 304 0
INFO 2025-11-25 18:56:41,515 basehttp 60048 52880 "GET /static/rest_framework/js/bootstrap.min.js HTTP/1.1" 304 0
INFO 2025-11-25 18:56:41,517 basehttp 60048 63900 "GET /static/rest_framework/js/default.js HTTP/1.1" 304 0
INFO 2025-11-25 18:56:41,517 basehttp 60048 49056 "GET /static/rest_framework/js/prettify-min.js HTTP/1.1" 304 0
INFO 2025-11-25 18:56:41,518 basehttp 60048 62824 "GET /static/rest_framework/js/load-ajax-form.js HTTP/1.1" 304 0
INFO 2025-11-25 18:56:41,523 basehttp 60048 62824 "GET /static/rest_framework/img/grid.png HTTP/1.1" 304 0
INFO 2025-11-25 18:59:29,301 basehttp 60048 53940 "POST /api/articles/ HTTP/1.1" 201 4313
INFO 2025-11-25 18:59:55,154 basehttp 60048 34724 "GET /api/ HTTP/1.1" 200 10323
INFO 2025-11-25 18:59:56,523 basehttp 60048 34724 "GET /api/articles/ HTTP/1.1" 200 25288
INFO 2025-11-25 18:59:56,587 basehttp 60048 34724 "GET /static/rest_framework/fonts/glyphicons-halflings-regular.woff2 HTTP/1.1" 304 0
INFO 2025-11-25 21:38:36,466 autoreload 61668 60252 Watching for file changes with StatReloader
INFO 2025-11-25 21:38:42,583 basehttp 61668 64972 "GET / HTTP/1.1" 200 35594
INFO 2025-11-25 21:39:12,661 basehttp 61668 64972 "GET /feed/ HTTP/1.1" 200 59929
INFO 2025-11-25 21:45:31,567 autoreload 64280 48948 Watching for file changes with StatReloader
INFO 2025-11-25 21:45:34,502 basehttp 64280 44256 "GET / HTTP/1.1" 200 35594
INFO 2025-11-25 21:45:39,928 basehttp 64280 44256 "GET /feed/ HTTP/1.1" 200 67947
INFO 2025-11-25 21:46:06,928 basehttp 64280 44256 "GET /feed HTTP/1.1" 301 0
INFO 2025-11-25 21:46:06,944 basehttp 64280 63436 "GET /feed/ HTTP/1.1" 200 67947
INFO 2025-11-25 21:46:11,217 basehttp 64280 63436 "GET /feed/ HTTP/1.1" 200 67947
INFO 2025-11-25 21:47:04,089 basehttp 64280 63436 "GET /feed/ HTTP/1.1" 200 67947
INFO 2025-11-25 21:51:20,283 autoreload 15276 60588 Watching for file changes with StatReloader
INFO 2025-11-25 21:51:23,561 basehttp 15276 48956 "GET / HTTP/1.1" 200 35594
INFO 2025-11-25 21:51:28,455 basehttp 15276 48956 "GET /feed/ HTTP/1.1" 200 57385
INFO 2025-11-25 21:51:31,508 basehttp 15276 48956 "GET /api/articles/?mood=hyped HTTP/1.1" 200 52
INFO 2025-11-25 21:55:57,476 autoreload 66004 66000 Watching for file changes with StatReloader
INFO 2025-11-25 21:56:00,484 basehttp 66004 57180 "GET /feed/ HTTP/1.1" 200 58560
INFO 2025-11-25 21:56:06,010 basehttp 66004 57180 "GET / HTTP/1.1" 200 35594
INFO 2025-11-25 21:56:11,203 basehttp 66004 57180 "GET /feed/ HTTP/1.1" 200 58560
INFO 2025-11-25 22:00:52,920 autoreload 65984 49352 Watching for file changes with StatReloader
INFO 2025-11-25 22:00:56,043 basehttp 65984 66408 "GET / HTTP/1.1" 200 35594
INFO 2025-11-25 22:01:00,922 basehttp 65984 66408 "GET /feed/ HTTP/1.1" 200 57150
INFO 2025-11-25 22:01:02,655 basehttp 65984 66408 "GET /api/articles/?mood=exciting HTTP/1.1" 200 4031
INFO 2025-11-25 22:02:33,209 basehttp 65984 66408 "GET /feed/ HTTP/1.1" 200 57150
INFO 2025-11-25 22:02:34,991 basehttp 65984 66408 "GET /api/articles/?mood=exciting HTTP/1.1" 200 4031
WARNING 2025-11-25 22:02:39,038 log 65984 66408 Not Found: /.well-known/appspecific/com.chrome.devtools.json
WARNING 2025-11-25 22:02:39,039 basehttp 65984 66408 "GET /.well-known/appspecific/com.chrome.devtools.json HTTP/1.1" 404 3141
INFO 2025-11-25 22:02:51,655 basehttp 65984 66408 "GET /api/articles/?mood=exciting HTTP/1.1" 200 4031
INFO 2025-11-25 22:02:52,468 basehttp 65984 66408 "GET /api/articles/?mood=exciting&category=DEVELOPMENT HTTP/1.1" 200 52
INFO 2025-11-25 22:02:54,243 basehttp 65984 66408 "GET /api/articles/?mood=exciting HTTP/1.1" 200 4031
INFO 2025-11-25 22:02:55,353 basehttp 65984 66408 "GET /api/articles/?mood=exciting&category=BUSINESS HTTP/1.1" 200 52
INFO 2025-11-25 22:02:57,093 basehttp 65984 66408 "GET /api/articles/?mood=exciting HTTP/1.1" 200 4031
INFO 2025-11-25 22:02:58,101 basehttp 65984 66408 "GET /api/articles/?mood=exciting&category=SPORTS HTTP/1.1" 200 52
INFO 2025-11-25 22:03:06,165 basehttp 65984 66408 "GET /api/articles/?mood=exciting HTTP/1.1" 200 4031
INFO 2025-11-25 22:23:35,327 autoreload 40108 56488 Watching for file changes with StatReloader
INFO 2025-11-25 22:23:40,241 basehttp 40108 65788 "GET / HTTP/1.1" 200 35594
WARNING 2025-11-25 22:23:40,325 log 40108 65788 Not Found: /.well-known/appspecific/com.chrome.devtools.json
WARNING 2025-11-25 22:23:40,326 basehttp 40108 65788 "GET /.well-known/appspecific/com.chrome.devtools.json HTTP/1.1" 404 3141
INFO 2025-11-25 22:23:47,127 basehttp 40108 65788 "GET /feed/ HTTP/1.1" 200 64207
WARNING 2025-11-25 22:23:47,207 log 40108 65788 Not Found: /.well-known/appspecific/com.chrome.devtools.json
WARNING 2025-11-25 22:23:47,208 basehttp 40108 65788 "GET /.well-known/appspecific/com.chrome.devtools.json HTTP/1.1" 404 3141
INFO 2025-11-25 22:23:47,944 basehttp 40108 65788 "GET /api/articles/?category=advertisement HTTP/1.1" 200 52
INFO 2025-11-25 22:23:57,044 basehttp 40108 65788 "GET /api/articles/?mood=neutral HTTP/1.1" 200 52
WARNING 2025-11-25 22:24:03,271 log 40108 65788 Not Found: /.well-known/appspecific/com.chrome.devtools.json
WARNING 2025-11-25 22:24:03,272 basehttp 40108 65788 "GET /.well-known/appspecific/com.chrome.devtools.json HTTP/1.1" 404 3141
WARNING 2025-11-25 22:24:03,323 log 40108 65788 Not Found: /.well-known/appspecific/com.chrome.devtools.json
WARNING 2025-11-25 22:24:03,324 basehttp 40108 65788 "GET /.well-known/appspecific/com.chrome.devtools.json HTTP/1.1" 404 3141
INFO 2025-11-25 22:24:04,497 basehttp 40108 65788 "GET /feed/ HTTP/1.1" 200 64207
WARNING 2025-11-25 22:24:04,628 log 40108 65788 Not Found: /.well-known/appspecific/com.chrome.devtools.json
WARNING 2025-11-25 22:24:04,629 basehttp 40108 65788 "GET /.well-known/appspecific/com.chrome.devtools.json HTTP/1.1" 404 3141
INFO 2025-11-25 22:24:05,335 basehttp 40108 65788 "GET /api/articles/?category=advertisement HTTP/1.1" 200 52
INFO 2025-11-25 22:24:06,515 basehttp 40108 65788 "GET /api/articles/?mood=happy HTTP/1.1" 200 52
WARNING 2025-11-25 22:24:13,567 log 40108 65788 Not Found: /.well-known/appspecific/com.chrome.devtools.json
WARNING 2025-11-25 22:24:13,567 basehttp 40108 65788 "GET /.well-known/appspecific/com.chrome.devtools.json HTTP/1.1" 404 3141
WARNING 2025-11-25 22:24:13,687 log 40108 65788 Not Found: /.well-known/appspecific/com.chrome.devtools.json
WARNING 2025-11-25 22:24:13,688 basehttp 40108 65788 "GET /.well-known/appspecific/com.chrome.devtools.json HTTP/1.1" 404 3141
INFO 2025-11-25 22:24:14,813 basehttp 40108 65788 "GET /feed/ HTTP/1.1" 200 64207
WARNING 2025-11-25 22:24:14,904 log 40108 65788 Not Found: /.well-known/appspecific/com.chrome.devtools.json
WARNING 2025-11-25 22:24:14,908 basehttp 40108 65788 "GET /.well-known/appspecific/com.chrome.devtools.json HTTP/1.1" 404 3141
INFO 2025-11-25 22:24:15,729 basehttp 40108 65788 "GET /api/articles/?category=advertisement HTTP/1.1" 200 52
INFO 2025-11-25 22:24:18,300 basehttp 40108 65788 "GET /api/articles/?mood=shocking HTTP/1.1" 200 52
WARNING 2025-11-25 22:24:31,923 log 40108 65788 Not Found: /.well-known/appspecific/com.chrome.devtools.json
WARNING 2025-11-25 22:24:31,924 basehttp 40108 65788 "GET /.well-known/appspecific/com.chrome.devtools.json HTTP/1.1" 404 3141
WARNING 2025-11-25 22:24:31,967 log 40108 65788 Not Found: /.well-known/appspecific/com.chrome.devtools.json
WARNING 2025-11-25 22:24:31,968 basehttp 40108 65788 "GET /.well-known/appspecific/com.chrome.devtools.json HTTP/1.1" 404 3141
INFO 2025-11-25 22:24:32,769 basehttp 40108 65788 "GET /feed/ HTTP/1.1" 200 64207
WARNING 2025-11-25 22:24:32,852 log 40108 65788 Not Found: /.well-known/appspecific/com.chrome.devtools.json
WARNING 2025-11-25 22:24:32,853 basehttp 40108 65788 "GET /.well-known/appspecific/com.chrome.devtools.json HTTP/1.1" 404 3141
INFO 2025-11-25 22:24:33,682 basehttp 40108 65788 "GET /api/articles/?category=advertisement HTTP/1.1" 200 52
INFO 2025-11-25 22:24:37,178 basehttp 40108 65788 "GET /api/articles/?mood=angry HTTP/1.1" 200 52
INFO 2025-11-25 22:25:12,707 basehttp 40108 65788 "GET /api/articles/?mood=angry&category=politics HTTP/1.1" 200 52
INFO 2025-11-25 22:25:14,943 basehttp 40108 65788 "GET /api/articles/?mood=angry HTTP/1.1" 200 52
INFO 2025-11-25 22:25:15,899 basehttp 40108 65788 "GET /api/articles/?mood=angry&category=politics HTTP/1.1" 200 52
INFO 2025-11-25 22:25:17,931 basehttp 40108 65788 "GET /api/articles/?mood=angry HTTP/1.1" 200 52
INFO 2025-11-25 22:25:18,618 basehttp 40108 65788 "GET /api/articles/?mood=angry&category=politics HTTP/1.1" 200 52
INFO 2025-11-25 22:29:30,648 autoreload 66452 57648 Watching for file changes with StatReloader
INFO 2025-11-25 22:29:35,337 basehttp 66452 66332 "GET / HTTP/1.1" 200 35594
WARNING 2025-11-25 22:29:35,404 log 66452 66332 Not Found: /.well-known/appspecific/com.chrome.devtools.json
WARNING 2025-11-25 22:29:35,405 basehttp 66452 66332 "GET /.well-known/appspecific/com.chrome.devtools.json HTTP/1.1" 404 3141
INFO 2025-11-25 22:29:41,309 basehttp 66452 66332 "GET /feed/ HTTP/1.1" 200 64780
WARNING 2025-11-25 22:29:41,407 log 66452 66332 Not Found: /.well-known/appspecific/com.chrome.devtools.json
WARNING 2025-11-25 22:29:41,408 basehttp 66452 66332 "GET /.well-known/appspecific/com.chrome.devtools.json HTTP/1.1" 404 3141
INFO 2025-11-25 22:29:41,802 basehttp 66452 66332 "GET /api/articles/?category=advertisement HTTP/1.1" 200 52
INFO 2025-11-25 22:29:45,443 basehttp 66452 66332 "GET /api/articles/?mood=shocking HTTP/1.1" 200 52
INFO 2025-11-25 22:30:36,369 autoreload 65844 62272 Watching for file changes with StatReloader
INFO 2025-11-25 22:30:37,420 basehttp 65844 50320 "GET /feed/ HTTP/1.1" 200 64780
WARNING 2025-11-25 22:30:37,478 log 65844 50320 Not Found: /.well-known/appspecific/com.chrome.devtools.json
WARNING 2025-11-25 22:30:37,479 basehttp 65844 50320 "GET /.well-known/appspecific/com.chrome.devtools.json HTTP/1.1" 404 3141
INFO 2025-11-25 22:30:38,489 basehttp 65844 50320 "GET /api/articles/?category=advertisement HTTP/1.1" 200 52
INFO 2025-11-25 22:30:43,026 basehttp 65844 50320 "GET /api/articles/?mood=concerning HTTP/1.1" 200 6412
INFO 2025-11-25 22:31:31,675 basehttp 65844 50320 "GET /api/articles/?mood=concerning&category=DEVELOPMENT HTTP/1.1" 200 52
INFO 2025-11-25 22:31:40,645 basehttp 65844 50320 "GET /api/articles/?mood=concerning&category=politics HTTP/1.1" 200 4365
INFO 2025-11-25 22:31:53,747 basehttp 65844 50320 "GET /api/articles/?mood=concerning&category=crime HTTP/1.1" 200 52
INFO 2025-11-25 22:31:54,862 basehttp 65844 50320 "GET /api/articles/?mood=concerning&category=international HTTP/1.1" 200 52
INFO 2025-11-25 22:31:55,745 basehttp 65844 50320 "GET /api/articles/?mood=concerning&category=society HTTP/1.1" 200 52
INFO 2025-11-25 22:31:58,246 basehttp 65844 50320 "GET /api/articles/?mood=concerning&category=business HTTP/1.1" 200 2098
INFO 2025-11-25 22:32:06,183 basehttp 65844 50320 "GET /api/articles/?mood=concerning&category=economy HTTP/1.1" 200 52
INFO 2025-11-25 22:32:07,059 basehttp 65844 50320 "GET /api/articles/?mood=concerning&category=real_estate HTTP/1.1" 200 52
INFO 2025-11-25 22:32:07,979 basehttp 65844 50320 "GET /api/articles/?mood=concerning&category=education HTTP/1.1" 200 52
INFO 2025-11-25 22:32:09,432 basehttp 65844 50320 "GET /api/articles/?mood=concerning&category=university HTTP/1.1" 200 52
INFO 2025-11-25 22:32:11,011 basehttp 65844 50320 "GET /api/articles/?mood=concerning&category=exam_results HTTP/1.1" 200 52
INFO 2025-11-25 22:32:11,508 basehttp 65844 50320 "GET /api/articles/?mood=concerning&category=latest_jobs HTTP/1.1" 200 52
INFO 2025-11-25 22:32:12,275 basehttp 65844 50320 "GET /api/articles/?mood=concerning&category=sports HTTP/1.1" 200 52
INFO 2025-11-25 22:32:12,963 basehttp 65844 50320 "GET /api/articles/?mood=concerning&category=entertainment HTTP/1.1" 200 52
INFO 2025-11-25 22:32:13,633 basehttp 65844 50320 "GET /api/articles/?mood=concerning&category=Mboko+music HTTP/1.1" 200 52
INFO 2025-11-25 22:32:14,469 basehttp 65844 50320 "GET /api/articles/?mood=concerning&category=entertainment HTTP/1.1" 200 52
INFO 2025-11-25 22:32:18,713 basehttp 65844 50320 "GET /api/articles/?mood=concerning&category=technology HTTP/1.1" 200 52
INFO 2025-11-25 22:32:19,275 basehttp 65844 50320 "GET /api/articles/?mood=concerning&category=science HTTP/1.1" 200 52
WARNING 2025-11-25 22:32:23,795 log 65844 50320 Not Found: /.well-known/appspecific/com.chrome.devtools.json
WARNING 2025-11-25 22:32:23,796 basehttp 65844 50320 "GET /.well-known/appspecific/com.chrome.devtools.json HTTP/1.1" 404 3141
WARNING 2025-11-25 22:32:23,849 log 65844 50320 Not Found: /.well-known/appspecific/com.chrome.devtools.json
WARNING 2025-11-25 22:32:23,849 basehttp 65844 50320 "GET /.well-known/appspecific/com.chrome.devtools.json HTTP/1.1" 404 3141
INFO 2025-11-25 22:32:25,582 basehttp 65844 50320 "GET /feed/ HTTP/1.1" 200 64780
WARNING 2025-11-25 22:32:25,657 log 65844 50320 Not Found: /.well-known/appspecific/com.chrome.devtools.json
WARNING 2025-11-25 22:32:25,657 basehttp 65844 50320 "GET /.well-known/appspecific/com.chrome.devtools.json HTTP/1.1" 404 3141
INFO 2025-11-25 22:32:26,470 basehttp 65844 50320 "GET /api/articles/?category=advertisement HTTP/1.1" 200 52
INFO 2025-11-25 22:32:28,076 basehttp 65844 50320 "GET /api/articles/?mood=happy HTTP/1.1" 200 52
INFO 2025-11-25 22:32:34,322 basehttp 65844 50320 "GET /api/articles/?mood=happy&category=disgusting HTTP/1.1" 200 52
INFO 2025-11-25 22:32:34,779 basehttp 65844 50320 "GET /api/articles/?mood=happy&category=human_interest HTTP/1.1" 200 52
INFO 2025-11-25 22:32:35,175 basehttp 65844 50320 "GET /api/articles/?mood=happy&category=concours_launch HTTP/1.1" 200 52
INFO 2025-11-25 22:32:35,964 basehttp 65844 50320 "GET /api/articles/?mood=happy&category=transportation HTTP/1.1" 200 52
INFO 2025-11-25 22:32:36,578 basehttp 65844 50320 "GET /api/articles/?mood=happy&category=agriculture HTTP/1.1" 200 52
INFO 2025-11-25 22:32:38,731 basehttp 65844 50320 "GET /api/articles/?mood=happy&category=environment HTTP/1.1" 200 52
INFO 2025-11-25 22:32:39,418 basehttp 65844 50320 "GET /api/articles/?mood=happy&category=happened+in+any+region HTTP/1.1" 200 52
INFO 2025-11-25 22:32:40,201 basehttp 65844 50320 "GET /api/articles/?mood=happy&category=happened+in+Buea HTTP/1.1" 200 52
INFO 2025-11-25 22:32:41,902 basehttp 65844 50320 "GET /api/articles/?mood=happy&category=health HTTP/1.1" 200 52
INFO 2025-11-25 22:32:43,667 basehttp 65844 50320 "GET /api/articles/?mood=happy&category=religion HTTP/1.1" 200 52
INFO 2025-11-25 22:32:44,276 basehttp 65844 50320 "GET /api/articles/?mood=happy&category=lifestyle HTTP/1.1" 200 52
INFO 2025-11-25 22:32:44,820 basehttp 65844 50320 "GET /api/articles/?mood=happy&category=culture HTTP/1.1" 200 52
INFO 2025-11-25 22:32:46,795 basehttp 65844 50320 "GET /api/articles/?mood=happy&category=science HTTP/1.1" 200 52
INFO 2025-11-25 22:32:47,379 basehttp 65844 50320 "GET /api/articles/?mood=happy&category=technology HTTP/1.1" 200 52
INFO 2025-11-25 22:32:48,963 basehttp 65844 50320 "GET /api/articles/?mood=happy&category=music+artists HTTP/1.1" 200 52
INFO 2025-11-25 22:32:49,378 basehttp 65844 50320 "GET /api/articles/?mood=happy&category=Mboa+music HTTP/1.1" 200 52
INFO 2025-11-25 22:32:49,745 basehttp 65844 50320 "GET /api/articles/?mood=happy&category=Mboko+music HTTP/1.1" 200 52
INFO 2025-11-25 22:32:50,891 basehttp 65844 50320 "GET /api/articles/?mood=happy&category=culture HTTP/1.1" 200 52
INFO 2025-11-25 22:32:55,068 basehttp 65844 50320 "GET /api/articles/?mood=happy&category=business HTTP/1.1" 200 52
INFO 2025-11-25 22:33:00,586 basehttp 65844 50320 "GET /api/articles/?mood=happy&category=business HTTP/1.1" 200 52
WARNING 2025-11-25 22:33:06,830 log 65844 50320 Not Found: /.well-known/appspecific/com.chrome.devtools.json
WARNING 2025-11-25 22:33:06,830 basehttp 65844 50320 "GET /.well-known/appspecific/com.chrome.devtools.json HTTP/1.1" 404 3141
WARNING 2025-11-25 22:33:06,885 log 65844 50320 Not Found: /.well-known/appspecific/com.chrome.devtools.json
WARNING 2025-11-25 22:33:06,886 basehttp 65844 50320 "GET /.well-known/appspecific/com.chrome.devtools.json HTTP/1.1" 404 3141
INFO 2025-11-25 22:33:08,490 basehttp 65844 50320 "GET /feed/ HTTP/1.1" 200 64780
WARNING 2025-11-25 22:33:08,587 log 65844 50320 Not Found: /.well-known/appspecific/com.chrome.devtools.json
WARNING 2025-11-25 22:33:08,589 basehttp 65844 50320 "GET /.well-known/appspecific/com.chrome.devtools.json HTTP/1.1" 404 3141
INFO 2025-11-25 22:33:09,295 basehttp 65844 50320 "GET /api/articles/?category=advertisement HTTP/1.1" 200 52
INFO 2025-11-25 22:33:12,704 basehttp 65844 50320 "GET /api/articles/?mood=concerning HTTP/1.1" 200 6412
INFO 2025-11-25 22:33:17,760 basehttp 65844 50320 "GET /api/articles/?mood=concerning&category=politics HTTP/1.1" 200 4365
INFO 2025-11-25 22:33:22,315 basehttp 65844 50320 "GET /api/articles/?mood=concerning&category=crime HTTP/1.1" 200 52
INFO 2025-11-25 22:33:22,837 basehttp 65844 50320 "GET /api/articles/?mood=concerning&category=international HTTP/1.1" 200 52
INFO 2025-11-25 22:33:23,260 basehttp 65844 50320 "GET /api/articles/?mood=concerning&category=society HTTP/1.1" 200 52
INFO 2025-11-25 22:33:24,157 basehttp 65844 50320 "GET /api/articles/?mood=concerning&category=business HTTP/1.1" 200 2098
INFO 2025-11-25 22:34:39,732 basehttp 65844 50320 "GET /api/articles/ HTTP/1.1" 200 25288
INFO 2025-11-25 22:34:39,788 basehttp 65844 50320 "GET /static/rest_framework/css/bootstrap.min.css HTTP/1.1" 304 0
INFO 2025-11-25 22:34:39,794 basehttp 65844 60012 "GET /static/rest_framework/css/default.css HTTP/1.1" 304 0
INFO 2025-11-25 22:34:39,794 basehttp 65844 61160 "GET /static/rest_framework/css/bootstrap-tweaks.css HTTP/1.1" 304 0
INFO 2025-11-25 22:34:39,794 basehttp 65844 43588 "GET /static/rest_framework/js/jquery-3.7.1.min.js HTTP/1.1" 304 0
INFO 2025-11-25 22:34:39,794 basehttp 65844 50216 "GET /static/rest_framework/css/prettify.css HTTP/1.1" 304 0
INFO 2025-11-25 22:34:39,795 basehttp 65844 50320 "GET /static/rest_framework/js/ajax-form.js HTTP/1.1" 304 0
INFO 2025-11-25 22:34:39,809 basehttp 65844 60012 "GET /static/rest_framework/js/default.js HTTP/1.1" 304 0
INFO 2025-11-25 22:34:39,809 basehttp 65844 50216 "GET /static/rest_framework/js/bootstrap.min.js HTTP/1.1" 304 0
INFO 2025-11-25 22:34:39,809 basehttp 65844 50320 "GET /static/rest_framework/js/csrf.js HTTP/1.1" 304 0
INFO 2025-11-25 22:34:39,809 basehttp 65844 61160 "GET /static/rest_framework/js/load-ajax-form.js HTTP/1.1" 304 0
INFO 2025-11-25 22:34:39,810 basehttp 65844 43588 "GET /static/rest_framework/js/prettify-min.js HTTP/1.1" 304 0
INFO 2025-11-25 22:34:39,907 basehttp 65844 43588 "GET /static/rest_framework/img/grid.png HTTP/1.1" 304 0
INFO 2025-11-25 22:34:39,922 basehttp 65844 43588 "GET /static/rest_framework/fonts/glyphicons-halflings-regular.woff2 HTTP/1.1" 304 0
INFO 2025-11-25 22:34:56,328 basehttp 65844 43588 "GET / HTTP/1.1" 200 35594
WARNING 2025-11-25 22:34:56,407 log 65844 43588 Not Found: /.well-known/appspecific/com.chrome.devtools.json
WARNING 2025-11-25 22:34:56,408 basehttp 65844 43588 "GET /.well-known/appspecific/com.chrome.devtools.json HTTP/1.1" 404 3141
INFO 2025-11-25 22:35:02,499 basehttp 65844 43588 "GET /feed/ HTTP/1.1" 200 64780
WARNING 2025-11-25 22:35:02,587 log 65844 43588 Not Found: /.well-known/appspecific/com.chrome.devtools.json
WARNING 2025-11-25 22:35:02,588 basehttp 65844 43588 "GET /.well-known/appspecific/com.chrome.devtools.json HTTP/1.1" 404 3141
INFO 2025-11-25 22:35:03,393 basehttp 65844 43588 "GET /api/articles/?category=advertisement HTTP/1.1" 200 52
INFO 2025-11-25 22:35:06,628 basehttp 65844 43588 "GET /api/articles/?mood=exciting HTTP/1.1" 200 4031
INFO 2025-11-25 22:35:13,250 basehttp 65844 43588 "GET /api/articles/?mood=exciting&category=politics HTTP/1.1" 200 52
INFO 2025-11-25 22:35:14,147 basehttp 65844 43588 "GET /api/articles/?mood=exciting&category=crime HTTP/1.1" 200 52
INFO 2025-11-25 22:41:10,087 basehttp 65844 63124 "GET /api/articles/?mood=exciting&category=TECH HTTP/1.1" 200 52
INFO 2025-11-25 22:41:13,999 basehttp 65844 63124 "GET /api/articles/?mood=exciting&category=DEVELOPMENT HTTP/1.1" 200 52
INFO 2025-11-25 22:41:14,612 basehttp 65844 63124 "GET /api/articles/?mood=exciting HTTP/1.1" 200 4031
INFO 2025-11-25 22:43:20,666 autoreload 39656 48708 Watching for file changes with StatReloader
INFO 2025-11-25 22:43:25,413 basehttp 39656 58676 "GET / HTTP/1.1" 200 35594
WARNING 2025-11-25 22:43:25,502 log 39656 58676 Not Found: /.well-known/appspecific/com.chrome.devtools.json
WARNING 2025-11-25 22:43:25,503 basehttp 39656 58676 "GET /.well-known/appspecific/com.chrome.devtools.json HTTP/1.1" 404 3141
INFO 2025-11-25 22:43:31,740 basehttp 39656 58676 "GET /feed/ HTTP/1.1" 200 67152
WARNING 2025-11-25 22:43:31,842 log 39656 58676 Not Found: /.well-known/appspecific/com.chrome.devtools.json
WARNING 2025-11-25 22:43:31,843 basehttp 39656 58676 "GET /.well-known/appspecific/com.chrome.devtools.json HTTP/1.1" 404 3141
INFO 2025-11-25 22:43:36,147 basehttp 39656 58676 "GET /api/articles/?category=advertisement HTTP/1.1" 200 52
INFO 2025-11-25 22:43:40,018 basehttp 39656 58676 "GET /api/articles/?mood=happy HTTP/1.1" 200 52
INFO 2025-11-25 22:43:40,066 basehttp 39656 58676 "GET /api/articles/ HTTP/1.1" 200 10392
INFO 2025-11-25 22:43:56,297 basehttp 39656 58676 "GET /api/articles/?mood=happy&category=politics HTTP/1.1" 200 52
INFO 2025-11-25 22:43:56,335 basehttp 39656 58676 "GET /api/articles/?mood=happy HTTP/1.1" 200 52
INFO 2025-11-25 22:43:56,355 basehttp 39656 58676 "GET /api/articles/?category=politics HTTP/1.1" 200 4365
INFO 2025-11-25 22:44:08,101 basehttp 39656 58676 "GET /api/articles/?mood=happy&category=crime HTTP/1.1" 200 52
INFO 2025-11-25 22:44:08,121 basehttp 39656 58676 "GET /api/articles/?mood=happy HTTP/1.1" 200 52
INFO 2025-11-25 22:44:08,141 basehttp 39656 58676 "GET /api/articles/?category=crime HTTP/1.1" 200 52
INFO 2025-11-25 22:44:08,165 basehttp 39656 58676 "GET /api/articles/ HTTP/1.1" 200 10392
INFO 2025-11-25 22:53:05,004 autoreload 65152 54200 Watching for file changes with StatReloader
INFO 2025-11-25 22:53:07,497 basehttp 65152 49312 "GET /feed/ HTTP/1.1" 200 68316
WARNING 2025-11-25 22:53:07,597 log 65152 49312 Not Found: /.well-known/appspecific/com.chrome.devtools.json
WARNING 2025-11-25 22:53:07,598 basehttp 65152 49312 "GET /.well-known/appspecific/com.chrome.devtools.json HTTP/1.1" 404 3141
INFO 2025-11-25 22:53:09,743 basehttp 65152 49312 "GET /api/articles/?category=advertisement HTTP/1.1" 200 52
INFO 2025-11-25 22:53:11,666 basehttp 65152 49312 "GET /api/articles/?mood=happy HTTP/1.1" 200 52
INFO 2025-11-25 22:53:11,718 basehttp 65152 49312 "GET /api/articles/ HTTP/1.1" 200 10392
INFO 2025-11-25 22:54:02,024 basehttp 65152 49312 "GET /feed/ HTTP/1.1" 200 68316
WARNING 2025-11-25 22:54:02,113 log 65152 49312 Not Found: /.well-known/appspecific/com.chrome.devtools.json
WARNING 2025-11-25 22:54:02,114 basehttp 65152 49312 "GET /.well-known/appspecific/com.chrome.devtools.json HTTP/1.1" 404 3141
INFO 2025-11-25 22:54:03,122 basehttp 65152 49312 "GET /api/articles/?category=advertisement HTTP/1.1" 200 52
INFO 2025-11-25 22:54:04,866 basehttp 65152 49312 "GET /api/articles/?mood=inspiring HTTP/1.1" 200 52
INFO 2025-11-25 22:54:04,900 basehttp 65152 49312 "GET /api/articles/ HTTP/1.1" 200 10392
INFO 2025-11-25 23:11:31,488 basehttp 65152 57684 "GET /feed/ HTTP/1.1" 200 67926
WARNING 2025-11-25 23:11:31,560 log 65152 57684 Not Found: /.well-known/appspecific/com.chrome.devtools.json
WARNING 2025-11-25 23:11:31,561 basehttp 65152 57684 "GET /.well-known/appspecific/com.chrome.devtools.json HTTP/1.1" 404 3141
INFO 2025-11-25 23:11:33,172 basehttp 65152 57684 "GET /api/articles/?category=advertisement HTTP/1.1" 200 52
INFO 2025-11-25 23:11:35,493 basehttp 65152 57684 "GET /api/articles/?mood=happy HTTP/1.1" 200 52
INFO 2025-11-25 23:11:35,533 basehttp 65152 57684 "GET /api/articles/ HTTP/1.1" 200 10392
INFO 2025-11-25 23:11:54,099 autoreload 5592 66072 Watching for file changes with StatReloader
INFO 2025-11-25 23:11:56,023 basehttp 5592 65848 "GET /feed/ HTTP/1.1" 200 67926
WARNING 2025-11-25 23:11:56,096 log 5592 65848 Not Found: /.well-known/appspecific/com.chrome.devtools.json
WARNING 2025-11-25 23:11:56,097 basehttp 5592 65848 "GET /.well-known/appspecific/com.chrome.devtools.json HTTP/1.1" 404 3141
INFO 2025-11-25 23:11:56,746 basehttp 5592 65848 "GET /api/articles/?category=advertisement HTTP/1.1" 200 52
INFO 2025-11-25 23:12:00,609 basehttp 5592 65848 "GET /api/articles/?mood=happy HTTP/1.1" 200 52
INFO 2025-11-25 23:12:00,650 basehttp 5592 65848 "GET /api/articles/ HTTP/1.1" 200 10392
INFO 2025-11-25 23:15:27,749 autoreload 5592 66072 C:\Users\saahb\OneDrive\Bureau\APP DOCS\Gist app by Cursor\gistme_backend\api\models.py changed, reloading.
INFO 2025-11-25 23:15:29,354 autoreload 43036 64056 Watching for file changes with StatReloader
INFO 2025-11-25 23:19:02,438 autoreload 66092 54336 Watching for file changes with StatReloader
INFO 2025-11-25 23:19:04,178 basehttp 66092 66540 "GET /feed/ HTTP/1.1" 200 74031
WARNING 2025-11-25 23:19:04,255 log 66092 66540 Not Found: /.well-known/appspecific/com.chrome.devtools.json
WARNING 2025-11-25 23:19:04,257 basehttp 66092 66540 "GET /.well-known/appspecific/com.chrome.devtools.json HTTP/1.1" 404 3141
INFO 2025-11-25 23:19:05,668 basehttp 66092 66540 "GET /api/articles/?category=advertisement HTTP/1.1" 200 52
INFO 2025-11-25 23:19:06,841 basehttp 66092 66540 "GET /api/articles/?mood=happy HTTP/1.1" 200 52
INFO 2025-11-25 23:19:06,900 basehttp 66092 66540 "GET /api/articles/ HTTP/1.1" 200 10392
INFO 2025-11-25 23:19:19,072 basehttp 66092 66540 "POST /api/comments/ HTTP/1.1" 201 126
INFO 2025-11-25 23:19:27,956 basehttp 66092 66540 "GET /api/ HTTP/1.1" 200 10323
INFO 2025-11-25 23:19:27,992 basehttp 66092 66540 "GET /static/rest_framework/css/bootstrap.min.css HTTP/1.1" 304 0
INFO 2025-11-25 23:19:27,997 basehttp 66092 63260 "GET /static/rest_framework/css/prettify.css HTTP/1.1" 304 0
INFO 2025-11-25 23:19:27,998 basehttp 66092 57296 "GET /static/rest_framework/js/ajax-form.js HTTP/1.1" 304 0
INFO 2025-11-25 23:19:27,998 basehttp 66092 64852 "GET /static/rest_framework/css/bootstrap-tweaks.css HTTP/1.1" 304 0
INFO 2025-11-25 23:19:28,000 basehttp 66092 66540 "GET /static/rest_framework/css/default.css HTTP/1.1" 304 0
INFO 2025-11-25 23:19:28,002 basehttp 66092 60588 "GET /static/rest_framework/js/jquery-3.7.1.min.js HTTP/1.1" 304 0
INFO 2025-11-25 23:19:28,002 basehttp 66092 57296 "GET /static/rest_framework/js/prettify-min.js HTTP/1.1" 304 0
INFO 2025-11-25 23:19:28,003 basehttp 66092 63260 "GET /static/rest_framework/js/bootstrap.min.js HTTP/1.1" 304 0
INFO 2025-11-25 23:19:28,003 basehttp 66092 64852 "GET /static/rest_framework/js/default.js HTTP/1.1" 304 0
INFO 2025-11-25 23:19:28,003 basehttp 66092 56864 "GET /static/rest_framework/js/csrf.js HTTP/1.1" 304 0
INFO 2025-11-25 23:19:28,005 basehttp 66092 66540 "GET /static/rest_framework/js/load-ajax-form.js HTTP/1.1" 304 0
INFO 2025-11-25 23:19:28,007 basehttp 66092 66540 "GET /static/rest_framework/img/grid.png HTTP/1.1" 304 0
INFO 2025-11-25 23:19:29,073 basehttp 66092 66540 "GET /api/comments/ HTTP/1.1" 200 17086
INFO 2025-11-25 23:19:29,217 basehttp 66092 66540 "GET /static/rest_framework/fonts/glyphicons-halflings-regular.woff2 HTTP/1.1" 304 0
INFO 2025-11-25 23:19:41,895 basehttp 66092 66540 "GET /api/ HTTP/1.1" 200 10323
INFO 2025-11-25 23:19:43,021 basehttp 66092 66540 "GET /api/articles/ HTTP/1.1" 200 25651
INFO 2025-11-25 23:19:52,357 basehttp 66092 66540 "GET /feed/ HTTP/1.1" 200 74031
WARNING 2025-11-25 23:19:52,419 log 66092 66540 Not Found: /.well-known/appspecific/com.chrome.devtools.json
WARNING 2025-11-25 23:19:52,420 basehttp 66092 66540 "GET /.well-known/appspecific/com.chrome.devtools.json HTTP/1.1" 404 3141
INFO 2025-11-25 23:19:53,193 basehttp 66092 66540 "GET /api/articles/?category=advertisement HTTP/1.1" 200 52
INFO 2025-11-25 23:19:54,310 basehttp 66092 66540 "GET /api/articles/?mood=happy HTTP/1.1" 200 52
INFO 2025-11-25 23:19:54,388 basehttp 66092 66540 "GET /api/articles/ HTTP/1.1" 200 10518
INFO 2025-11-25 23:20:12,999 basehttp 66092 66540 "POST /api/comments/ HTTP/1.1" 201 116
INFO 2025-11-25 23:21:02,978 basehttp 66092 66540 "POST /api/comments/ HTTP/1.1" 201 124
INFO 2025-11-25 23:30:00,478 autoreload 46092 65724 Watching for file changes with StatReloader
INFO 2025-11-25 23:30:18,077 basehttp 46092 60588 "GET /feed/ HTTP/1.1" 200 74710
WARNING 2025-11-25 23:30:18,174 log 46092 60588 Not Found: /.well-known/appspecific/com.chrome.devtools.json
WARNING 2025-11-25 23:30:18,176 basehttp 46092 60588 "GET /.well-known/appspecific/com.chrome.devtools.json HTTP/1.1" 404 3141
INFO 2025-11-25 23:30:23,038 basehttp 46092 60588 "GET /api/articles/?category=advertisement HTTP/1.1" 200 52
INFO 2025-11-25 23:30:27,384 basehttp 46092 60588 "GET /api/articles/?mood=happy HTTP/1.1" 200 52
INFO 2025-11-25 23:30:27,434 basehttp 46092 60588 "GET /api/articles/ HTTP/1.1" 200 10760
INFO 2025-11-25 23:30:48,493 basehttp 46092 60588 "POST /api/comments/ HTTP/1.1" 201 116
INFO 2025-11-25 23:30:58,965 basehttp 46092 60588 "POST /api/comments/ HTTP/1.1" 201 117
INFO 2025-11-25 23:31:36,727 basehttp 46092 60588 "POST /api/comments/ HTTP/1.1" 201 130
INFO 2025-11-25 23:31:55,977 basehttp 46092 60588 "GET /api/articles/ HTTP/1.1" 200 27379
INFO 2025-11-25 23:32:11,523 basehttp 46092 60588 "GET /api/articles/ HTTP/1.1" 200 27379
